<?xml version="1.0" encoding="UTF-8"?>
<testsuite xmlns:xsi="http://www.w3.org/2001/XMLSchema-instance" xsi:noNamespaceSchemaLocation="https://maven.apache.org/surefire/maven-surefire-plugin/xsd/surefire-test-report.xsd" name="ru.learnup.shop.ProductsTest.CakeTest" time="0.002" tests="10" errors="0" skipped="0" failures="0">
  <properties>
[...]
</properties>
  <testcase name="getName" classname="ru.learnup.shop.ProductsTest.CakeTest" time="0.001"/>
  <testcase name="getExpiration_date" classname="ru.learnup.shop.ProductsTest.CakeTest" time="0"/>
  <testcase name="setWeight" classname="ru.learnup.shop.ProductsTest.CakeTest" time="0"/>
  <testcase name="getWeight" classname="ru.learnup.shop.ProductsTest.CakeTest" time="0"/>
  <testcase name="setExpiration_date" classname="ru.learnup.shop.ProductsTest.CakeTest" time="0"/>
  <testcase name="setPrice" classname="ru.learnup.shop.ProductsTest.CakeTest" time="0"/>
  <testcase name="getPrice" classname="ru.learnup.shop.ProductsTest.CakeTest" time="0"/>
  <testcase name="setName" classname="ru.learnup.shop.ProductsTest.CakeTest" time="0"/>
  <testcase name="setCategory" classname="ru.learnup.shop.ProductsTest.CakeTest" time="0"/>
  <testcase name="getCategory" classname="ru.learnup.shop.ProductsTest.CakeTest" time="0"/>
</testsuite>